<?xml version="1.0" encoding="UTF-8"?>
<testng-results skipped="0" failed="0" ignored="0" total="1" passed="1">
  <reporter-output>
  </reporter-output>
  <suite name="Suite" duration-ms="2257" started-at="2017-08-12T22:29:28Z" finished-at="2017-08-12T22:29:30Z">
    <groups>
    </groups>
    <test name="Test" duration-ms="2257" started-at="2017-08-12T22:29:28Z" finished-at="2017-08-12T22:29:30Z">
      <class name="com.alg.mvnproject.test1">
        <test-method status="PASS" signature="test()[pri:0, instance:com.alg.mvnproject.test1@7098b907]" name="test" duration-ms="2236" started-at="2017-08-12T18:29:28Z" finished-at="2017-08-12T18:29:30Z">
          <reporter-output>
          </reporter-output>
        </test-method> <!-- test -->
      </class> <!-- com.alg.mvnproject.test1 -->
    </test> <!-- Test -->
  </suite> <!-- Suite -->
</testng-results>
