<?xml version="1.0" encoding="UTF-8"?>
<testng-results skipped="0" failed="0" ignored="0" total="1" passed="1">
  <reporter-output>
  </reporter-output>
  <suite name="Suite" duration-ms="2419" started-at="2017-08-12T20:51:51Z" finished-at="2017-08-12T20:51:54Z">
    <groups>
    </groups>
    <test name="Test" duration-ms="2419" started-at="2017-08-12T20:51:51Z" finished-at="2017-08-12T20:51:54Z">
      <class name="com.alg.mvnproject.test1">
        <test-method status="PASS" signature="test()[pri:0, instance:com.alg.mvnproject.test1@189cbd7c]" name="test" duration-ms="2376" started-at="2017-08-12T16:51:51Z" finished-at="2017-08-12T16:51:54Z">
          <reporter-output>
          </reporter-output>
        </test-method> <!-- test -->
      </class> <!-- com.alg.mvnproject.test1 -->
    </test> <!-- Test -->
  </suite> <!-- Suite -->
</testng-results>
